#-----------------------------------------------------------
# Vivado v2018.3 (64-bit)
# SW Build 2405991 on Thu Dec  6 23:38:27 MST 2018
# IP Build 2404404 on Fri Dec  7 01:43:56 MST 2018
# Start of session at: Sat May  4 15:14:40 2019
# Process ID: 10908
# Current directory: D:/DDLab9_2019/DDlab9/DD_lab9
# Command line: vivado.exe -gui_launcher_event rodinguilauncherevent12248 D:\DDLab9_2019\DDlab9\DD_lab9\DD_lab9.xpr
# Log file: D:/DDLab9_2019/DDlab9/DD_lab9/vivado.log
# Journal file: D:/DDLab9_2019/DDlab9/DD_lab9\vivado.jou
#-----------------------------------------------------------
start_gui
open_project D:/DDLab9_2019/DDlab9/DD_lab9/DD_lab9.xpr
Scanning sources...
Finished scanning sources
WARNING: [filemgmt 56-3] IPUserFilesDir: Could not find the directory 'D:/DDLab9_2019/DDlab9/DD_lab9/DD_lab9.ip_user_files'.
INFO: [Project 1-230] Project 'DD_lab9.xpr' upgraded for this version of Vivado.
INFO: [IP_Flow 19-234] Refreshing IP repositories
INFO: [IP_Flow 19-1704] No user IP repositories specified
INFO: [IP_Flow 19-2313] Loaded Vivado IP repository 'C:/Xilinx/Vivado/2018.3/data/ip'.
open_project: Time (s): cpu = 00:00:11 ; elapsed = 00:00:08 . Memory (MB): peak = 739.441 ; gain = 140.559
exit
INFO: [Common 17-206] Exiting Vivado at Sat May  4 21:45:52 2019...
