#-----------------------------------------------------------
# Vivado v2018.3 (64-bit)
# SW Build 2405991 on Thu Dec  6 23:38:27 MST 2018
# IP Build 2404404 on Fri Dec  7 01:43:56 MST 2018
# Start of session at: Mon May 20 14:18:50 2019
# Process ID: 14712
# Current directory: C:/Users/hp/Desktop/10/lab10_joyce/BOOTH/BOOTH/Booth
# Command line: vivado.exe -gui_launcher_event rodinguilauncherevent14892 C:\Users\hp\Desktop\10\lab10_joyce\BOOTH\BOOTH\Booth\Booth.xpr
# Log file: C:/Users/hp/Desktop/10/lab10_joyce/BOOTH/BOOTH/Booth/vivado.log
# Journal file: C:/Users/hp/Desktop/10/lab10_joyce/BOOTH/BOOTH/Booth\vivado.jou
#-----------------------------------------------------------
start_gui
open_project C:/Users/hp/Desktop/10/lab10_joyce/BOOTH/BOOTH/Booth/Booth.xpr
Scanning sources...
Finished scanning sources
INFO: [IP_Flow 19-234] Refreshing IP repositories
INFO: [IP_Flow 19-1704] No user IP repositories specified
INFO: [IP_Flow 19-2313] Loaded Vivado IP repository 'C:/Xilinx/Vivado/2018.3/data/ip'.
open_project: Time (s): cpu = 00:00:24 ; elapsed = 00:00:11 . Memory (MB): peak = 816.840 ; gain = 197.520
update_compile_order -fileset sources_1
reset_run synth_1
launch_runs impl_1 -to_step write_bitstream -jobs 4
[Mon May 20 14:20:59 2019] Launched synth_1...
Run output will be captured here: C:/Users/hp/Desktop/10/lab10_joyce/BOOTH/BOOTH/Booth/Booth.runs/synth_1/runme.log
[Mon May 20 14:20:59 2019] Launched impl_1...
Run output will be captured here: C:/Users/hp/Desktop/10/lab10_joyce/BOOTH/BOOTH/Booth/Booth.runs/impl_1/runme.log
exit
INFO: [Common 17-206] Exiting Vivado at Mon May 20 14:30:42 2019...
