#-----------------------------------------------------------
# Vivado v2018.3 (64-bit)
# SW Build 2405991 on Thu Dec  6 23:38:27 MST 2018
# IP Build 2404404 on Fri Dec  7 01:43:56 MST 2018
# Start of session at: Mon May 20 13:29:20 2019
# Process ID: 8868
# Current directory: C:/Users/hp/Desktop/10/lab10_joyce/BOOTH/BOOTH/Booth
# Command line: vivado.exe -gui_launcher_event rodinguilauncherevent9976 C:\Users\hp\Desktop\10\lab10_joyce\BOOTH\BOOTH\Booth\Booth.xpr
# Log file: C:/Users/hp/Desktop/10/lab10_joyce/BOOTH/BOOTH/Booth/vivado.log
# Journal file: C:/Users/hp/Desktop/10/lab10_joyce/BOOTH/BOOTH/Booth\vivado.jou
#-----------------------------------------------------------
start_gui
open_project C:/Users/hp/Desktop/10/lab10_joyce/BOOTH/BOOTH/Booth/Booth.xpr
INFO: [Project 1-313] Project file moved from 'C:/Users/user/Downloads/BOOTH/BOOTH/Booth' since last save.
Scanning sources...
Finished scanning sources
INFO: [Project 1-230] Project 'Booth.xpr' upgraded for this version of Vivado.
INFO: [IP_Flow 19-234] Refreshing IP repositories
INFO: [IP_Flow 19-1704] No user IP repositories specified
INFO: [IP_Flow 19-2313] Loaded Vivado IP repository 'C:/Xilinx/Vivado/2018.3/data/ip'.
open_project: Time (s): cpu = 00:00:22 ; elapsed = 00:00:11 . Memory (MB): peak = 818.117 ; gain = 203.957
update_compile_order -fileset sources_1
reset_run synth_1
launch_runs impl_1 -to_step write_bitstream -jobs 4
[Mon May 20 13:43:24 2019] Launched synth_1...
Run output will be captured here: C:/Users/hp/Desktop/10/lab10_joyce/BOOTH/BOOTH/Booth/Booth.runs/synth_1/runme.log
[Mon May 20 13:43:24 2019] Launched impl_1...
Run output will be captured here: C:/Users/hp/Desktop/10/lab10_joyce/BOOTH/BOOTH/Booth/Booth.runs/impl_1/runme.log
open_hw
close_hw
exit
INFO: [Common 17-206] Exiting Vivado at Mon May 20 13:52:39 2019...
